<?xml version="1.0" encoding="utf-8"?><testsuites><testsuite errors="0" failures="1" hostname="DESKTOP-E95T6BV" name="pytest" skipped="0" tests="1" time="26.530" timestamp="2020-12-29T22:18:14.624296"><testcase classname="test_dir.test_blogs.TestBlogs" name="test_blog_login_case" time="21.964"><failure message="AssertionError: assert '用户登录 - 博客园' == '用户登录 - 博客园1'&#10;  - 用户登录 - 博客园1&#10;  ?           -&#10;  + 用户登录 - 博客园">self = &lt;test_dir.test_blogs.TestBlogs object at 0x000001ABBDFDB308&gt;
browser = &lt;selenium.webdriver.chrome.webdriver.WebDriver (session="9edef0256d99d380e4bc48ebe79f2095")&gt;
base_url = 'https://www.cnblogs.com/'

    def test_blog_login_case(self, browser, base_url):
        """
        名称：博客园登陆测试
        步骤：
        1、打开博客园页面
        2、点击登录
        3、输入用户名、密码登录
        检查点：
        * 检查页面标题是否包含关键字。
        """
        page = BlogPage(browser)
        page.get(base_url)
        page.regist_element.is_displayed()
        page.login_element.click()
        # page.search_button.click()
        sleep(2)
&gt;       assert browser.title == "用户登录 - 博客园1"
E       AssertionError: assert '用户登录 - 博客园' == '用户登录 - 博客园1'
E         - 用户登录 - 博客园1
E         ?           -
E         + 用户登录 - 博客园

test_dir\test_blogs.py:30: AssertionError</failure></testcase></testsuite></testsuites>